Determining if the pthread_create exist failed with the following output:
Change Dir: /home/dvw09/catkin_ws/build/CMakeFiles/CMakeTmp

Run Build Command:/usr/bin/make "cmTryCompileExec2198734266/fast"
/usr/bin/make -f CMakeFiles/cmTryCompileExec2198734266.dir/build.make CMakeFiles/cmTryCompileExec2198734266.dir/build
make[1]: Entering directory `/home/dvw09/catkin_ws/build/CMakeFiles/CMakeTmp'
/usr/bin/cmake -E cmake_progress_report /home/dvw09/catkin_ws/build/CMakeFiles/CMakeTmp/CMakeFiles 1
Building C object CMakeFiles/cmTryCompileExec2198734266.dir/CheckSymbolExists.c.o
/usr/bin/cc    -o CMakeFiles/cmTryCompileExec2198734266.dir/CheckSymbolExists.c.o   -c /home/dvw09/catkin_ws/build/CMakeFiles/CMakeTmp/CheckSymbolExists.c
Linking C executable cmTryCompileExec2198734266
/usr/bin/cmake -E cmake_link_script CMakeFiles/cmTryCompileExec2198734266.dir/link.txt --verbose=1
/usr/bin/cc       CMakeFiles/cmTryCompileExec2198734266.dir/CheckSymbolExists.c.o  -o cmTryCompileExec2198734266 -rdynamic 
CMakeFiles/cmTryCompileExec2198734266.dir/CheckSymbolExists.c.o: In function `main':
CheckSymbolExists.c:(.text+0x16): undefined reference to `pthread_create'
collect2: error: ld returned 1 exit status
make[1]: *** [cmTryCompileExec2198734266] Error 1
make[1]: Leaving directory `/home/dvw09/catkin_ws/build/CMakeFiles/CMakeTmp'
make: *** [cmTryCompileExec2198734266/fast] Error 2

File /home/dvw09/catkin_ws/build/CMakeFiles/CMakeTmp/CheckSymbolExists.c:
/* */
#include <pthread.h>

int main(int argc, char** argv)
{
  (void)argv;
#ifndef pthread_create
  return ((int*)(&pthread_create))[argc];
#else
  (void)argc;
  return 0;
#endif
}

Determining if the function pthread_create exists in the pthreads failed with the following output:
Change Dir: /home/dvw09/catkin_ws/build/CMakeFiles/CMakeTmp

Run Build Command:/usr/bin/make "cmTryCompileExec3426007584/fast"
/usr/bin/make -f CMakeFiles/cmTryCompileExec3426007584.dir/build.make CMakeFiles/cmTryCompileExec3426007584.dir/build
make[1]: Entering directory `/home/dvw09/catkin_ws/build/CMakeFiles/CMakeTmp'
/usr/bin/cmake -E cmake_progress_report /home/dvw09/catkin_ws/build/CMakeFiles/CMakeTmp/CMakeFiles 1
Building C object CMakeFiles/cmTryCompileExec3426007584.dir/CheckFunctionExists.c.o
/usr/bin/cc   -DCHECK_FUNCTION_EXISTS=pthread_create   -o CMakeFiles/cmTryCompileExec3426007584.dir/CheckFunctionExists.c.o   -c /usr/share/cmake-2.8/Modules/CheckFunctionExists.c
Linking C executable cmTryCompileExec3426007584
/usr/bin/cmake -E cmake_link_script CMakeFiles/cmTryCompileExec3426007584.dir/link.txt --verbose=1
/usr/bin/cc   -DCHECK_FUNCTION_EXISTS=pthread_create    CMakeFiles/cmTryCompileExec3426007584.dir/CheckFunctionExists.c.o  -o cmTryCompileExec3426007584 -rdynamic -lpthreads 
/usr/bin/ld: cannot find -lpthreads
collect2: error: ld returned 1 exit status
make[1]: Leaving directory `/home/dvw09/catkin_ws/build/CMakeFiles/CMakeTmp'
make[1]: *** [cmTryCompileExec3426007584] Error 1
make: *** [cmTryCompileExec3426007584/fast] Error 2


